# Logfile created on 2014-02-22 13:18:18 -0600 by logger.rb/44203
I, [2014-02-22T13:18:18.707193 #5951]  INFO -- : 0:  rake (10.1.1) from /Users/Ian/.rbenv/versions/2.1.0/lib/ruby/gems/2.1.0/specifications/rake-10.1.1.gemspec
I, [2014-02-22T13:18:18.707599 #5951]  INFO -- : 0:  multi_json (1.8.4) from /Users/Ian/.rbenv/versions/2.1.0/lib/ruby/gems/2.1.0/specifications/multi_json-1.8.4.gemspec
I, [2014-02-22T13:18:18.707889 #5951]  INFO -- : 0:  activesupport (3.1.12) from /Users/Ian/.rbenv/versions/2.1.0/lib/ruby/gems/2.1.0/specifications/activesupport-3.1.12.gemspec
I, [2014-02-22T13:18:18.708224 #5951]  INFO -- : 0:  atomic (1.1.14) from /Users/Ian/.rbenv/versions/2.1.0/lib/ruby/gems/2.1.0/specifications/atomic-1.1.14.gemspec
I, [2014-02-22T13:18:18.708548 #5951]  INFO -- : 0:  eventmachine (1.0.3) from /Users/Ian/.rbenv/versions/2.1.0/lib/ruby/gems/2.1.0/specifications/eventmachine-1.0.3.gemspec
I, [2014-02-22T13:18:18.708926 #5951]  INFO -- : 0:  i18n (0.6.9) from /Users/Ian/.rbenv/versions/2.1.0/lib/ruby/gems/2.1.0/specifications/i18n-0.6.9.gemspec
I, [2014-02-22T13:18:18.709362 #5951]  INFO -- : 0:  rubigen (1.5.8) from /Users/Ian/.rbenv/versions/2.1.0/lib/ruby/gems/2.1.0/specifications/rubigen-1.5.8.gemspec
I, [2014-02-22T13:18:18.709729 #5951]  INFO -- : 0:  safely (0.3.2) from /Users/Ian/.rbenv/versions/2.1.0/lib/ruby/gems/2.1.0/specifications/safely-0.3.2.gemspec
I, [2014-02-22T13:18:18.710066 #5951]  INFO -- : 0:  thor (0.18.1) from /Users/Ian/.rbenv/versions/2.1.0/lib/ruby/gems/2.1.0/specifications/thor-0.18.1.gemspec
I, [2014-02-22T13:18:18.710418 #5951]  INFO -- : 0:  daemon-kit (0.2.3) from /Users/Ian/.rbenv/versions/2.1.0/lib/ruby/gems/2.1.0/specifications/daemon-kit-0.2.3.gemspec
I, [2014-02-22T13:18:18.710715 #5951]  INFO -- : 0:  diff-lcs (1.2.5) from /Users/Ian/.rbenv/versions/2.1.0/lib/ruby/gems/2.1.0/specifications/diff-lcs-1.2.5.gemspec
I, [2014-02-22T13:18:18.711005 #5951]  INFO -- : 0:  rspec-core (2.14.7) from /Users/Ian/.rbenv/versions/2.1.0/lib/ruby/gems/2.1.0/specifications/rspec-core-2.14.7.gemspec
I, [2014-02-22T13:18:18.713948 #5951]  INFO -- : 0:  rspec-expectations (2.14.5) from /Users/Ian/.rbenv/versions/2.1.0/lib/ruby/gems/2.1.0/specifications/rspec-expectations-2.14.5.gemspec
I, [2014-02-22T13:18:18.714262 #5951]  INFO -- : 0:  rspec-mocks (2.14.6) from /Users/Ian/.rbenv/versions/2.1.0/lib/ruby/gems/2.1.0/specifications/rspec-mocks-2.14.6.gemspec
I, [2014-02-22T13:18:18.714531 #5951]  INFO -- : 0:  rspec (2.14.1) from /Users/Ian/.rbenv/versions/2.1.0/lib/ruby/gems/2.1.0/specifications/rspec-2.14.1.gemspec
I, [2014-02-22T13:18:18.714794 #5951]  INFO -- : 0:  thread_safe (0.1.3) from /Users/Ian/.rbenv/versions/2.1.0/lib/ruby/gems/2.1.0/specifications/thread_safe-0.1.3.gemspec
I, [2014-02-22T13:18:18.715085 #5951]  INFO -- : 0:  tzinfo (1.1.0) from /Users/Ian/.rbenv/versions/2.1.0/lib/ruby/gems/2.1.0/specifications/tzinfo-1.1.0.gemspec
I, [2014-02-22T13:18:20.688171 #5951]  INFO -- : 0:  rufus-scheduler (3.0.6) from /Users/Ian/.rbenv/versions/2.1.0/lib/ruby/gems/2.1.0/specifications/rufus-scheduler-3.0.6.gemspec
I, [2014-02-22T13:18:20.688537 #5951]  INFO -- : 0:  sqlite3 (1.3.8) from /Users/Ian/.rbenv/versions/2.1.0/lib/ruby/gems/2.1.0/specifications/sqlite3-1.3.8.gemspec
I, [2014-02-22T13:18:20.688780 #5951]  INFO -- : 0:  bundler (1.5.0) from /Users/Ian/.rbenv/versions/2.1.0/lib/ruby/gems/2.1.0/specifications/bundler-1.5.0.gemspec
I, [2014-02-22T13:20:48.313958 #6379]  INFO -- : 0:  rake (10.1.1) from /Users/Ian/.rbenv/versions/2.1.0/lib/ruby/gems/2.1.0/specifications/rake-10.1.1.gemspec
I, [2014-02-22T13:20:48.314429 #6379]  INFO -- : 0:  multi_json (1.8.4) from /Users/Ian/.rbenv/versions/2.1.0/lib/ruby/gems/2.1.0/specifications/multi_json-1.8.4.gemspec
I, [2014-02-22T13:20:48.314704 #6379]  INFO -- : 0:  activesupport (3.1.12) from /Users/Ian/.rbenv/versions/2.1.0/lib/ruby/gems/2.1.0/specifications/activesupport-3.1.12.gemspec
I, [2014-02-22T13:20:48.315006 #6379]  INFO -- : 0:  atomic (1.1.14) from /Users/Ian/.rbenv/versions/2.1.0/lib/ruby/gems/2.1.0/specifications/atomic-1.1.14.gemspec
I, [2014-02-22T13:20:48.315290 #6379]  INFO -- : 0:  eventmachine (1.0.3) from /Users/Ian/.rbenv/versions/2.1.0/lib/ruby/gems/2.1.0/specifications/eventmachine-1.0.3.gemspec
I, [2014-02-22T13:20:48.315554 #6379]  INFO -- : 0:  i18n (0.6.9) from /Users/Ian/.rbenv/versions/2.1.0/lib/ruby/gems/2.1.0/specifications/i18n-0.6.9.gemspec
I, [2014-02-22T13:20:48.315809 #6379]  INFO -- : 0:  rubigen (1.5.8) from /Users/Ian/.rbenv/versions/2.1.0/lib/ruby/gems/2.1.0/specifications/rubigen-1.5.8.gemspec
I, [2014-02-22T13:20:48.316067 #6379]  INFO -- : 0:  safely (0.3.2) from /Users/Ian/.rbenv/versions/2.1.0/lib/ruby/gems/2.1.0/specifications/safely-0.3.2.gemspec
I, [2014-02-22T13:20:48.316329 #6379]  INFO -- : 0:  thor (0.18.1) from /Users/Ian/.rbenv/versions/2.1.0/lib/ruby/gems/2.1.0/specifications/thor-0.18.1.gemspec
I, [2014-02-22T13:20:48.316584 #6379]  INFO -- : 0:  daemon-kit (0.2.3) from /Users/Ian/.rbenv/versions/2.1.0/lib/ruby/gems/2.1.0/specifications/daemon-kit-0.2.3.gemspec
I, [2014-02-22T13:20:48.316844 #6379]  INFO -- : 0:  diff-lcs (1.2.5) from /Users/Ian/.rbenv/versions/2.1.0/lib/ruby/gems/2.1.0/specifications/diff-lcs-1.2.5.gemspec
I, [2014-02-22T13:20:48.317096 #6379]  INFO -- : 0:  rspec-core (2.14.7) from /Users/Ian/.rbenv/versions/2.1.0/lib/ruby/gems/2.1.0/specifications/rspec-core-2.14.7.gemspec
I, [2014-02-22T13:20:48.317355 #6379]  INFO -- : 0:  rspec-expectations (2.14.5) from /Users/Ian/.rbenv/versions/2.1.0/lib/ruby/gems/2.1.0/specifications/rspec-expectations-2.14.5.gemspec
I, [2014-02-22T13:20:48.317629 #6379]  INFO -- : 0:  rspec-mocks (2.14.6) from /Users/Ian/.rbenv/versions/2.1.0/lib/ruby/gems/2.1.0/specifications/rspec-mocks-2.14.6.gemspec
I, [2014-02-22T13:20:48.317876 #6379]  INFO -- : 0:  rspec (2.14.1) from /Users/Ian/.rbenv/versions/2.1.0/lib/ruby/gems/2.1.0/specifications/rspec-2.14.1.gemspec
I, [2014-02-22T13:20:48.318127 #6379]  INFO -- : 0:  thread_safe (0.1.3) from /Users/Ian/.rbenv/versions/2.1.0/lib/ruby/gems/2.1.0/specifications/thread_safe-0.1.3.gemspec
I, [2014-02-22T13:20:48.318379 #6379]  INFO -- : 0:  tzinfo (1.1.0) from /Users/Ian/.rbenv/versions/2.1.0/lib/ruby/gems/2.1.0/specifications/tzinfo-1.1.0.gemspec
I, [2014-02-22T13:20:48.318625 #6379]  INFO -- : 0:  rufus-scheduler (2.0.24) from /Users/Ian/.rbenv/versions/2.1.0/lib/ruby/gems/2.1.0/specifications/rufus-scheduler-2.0.24.gemspec
I, [2014-02-22T13:20:48.318881 #6379]  INFO -- : 0:  sqlite3 (1.3.8) from /Users/Ian/.rbenv/versions/2.1.0/lib/ruby/gems/2.1.0/specifications/sqlite3-1.3.8.gemspec
I, [2014-02-22T13:20:48.319107 #6379]  INFO -- : 0:  bundler (1.5.0) from /Users/Ian/.rbenv/versions/2.1.0/lib/ruby/gems/2.1.0/specifications/bundler-1.5.0.gemspec
